<?xml version="1.0" encoding="UTF-8"?>
<testsuite name="ru.stqa.ptf.addressbook.tests.ContactDeletionTest" tests="1" skipped="0" failures="0" errors="0" timestamp="2018-11-13T08:58:27" hostname="MacMini-Tkachenko.local" time="1.466">
  <properties/>
  <testcase name="testContactDeletion" classname="ru.stqa.ptf.addressbook.tests.ContactDeletionTest" time="1.466"/>
  <system-out><![CDATA[]]></system-out>
  <system-err><![CDATA[]]></system-err>
</testsuite>
