<?xml version="1.0" encoding="UTF-8"?>
<testsuite name="ru.stqa.ptf.addressbook.tests.GroupModificationTests" tests="1" skipped="0" failures="0" errors="0" timestamp="2018-11-13T08:51:26" hostname="MacMini-Tkachenko.local" time="4.127">
  <properties/>
  <testcase name="testGroupModification" classname="ru.stqa.ptf.addressbook.tests.GroupModificationTests" time="4.127"/>
  <system-out><![CDATA[]]></system-out>
  <system-err><![CDATA[]]></system-err>
</testsuite>
